<?xml version="1.0" encoding="UTF-8"?>
<testsuite name="com.guard.wallet.gkd.CombineFilterConverterTest" tests="20" skipped="0" failures="0" errors="0" timestamp="2026-04-11T22:49:52" hostname="DESKTOP-MPRFDG9" time="0.005">
  <properties/>
  <testcase name="testEscapeQuotes" classname="com.guard.wallet.gkd.CombineFilterConverterTest" time="0.002"/>
  <testcase name="testClassNameAndTextCombined" classname="com.guard.wallet.gkd.CombineFilterConverterTest" time="0.0"/>
  <testcase name="testMixedStringAndBool" classname="com.guard.wallet.gkd.CombineFilterConverterTest" time="0.0"/>
  <testcase name="testIntChildCount" classname="com.guard.wallet.gkd.CombineFilterConverterTest" time="0.0"/>
  <testcase name="testClassNameEquals" classname="com.guard.wallet.gkd.CombineFilterConverterTest" time="0.0"/>
  <testcase name="testTextRegex" classname="com.guard.wallet.gkd.CombineFilterConverterTest" time="0.0"/>
  <testcase name="testIdEquals" classname="com.guard.wallet.gkd.CombineFilterConverterTest" time="0.001"/>
  <testcase name="testBoolClickableTrue" classname="com.guard.wallet.gkd.CombineFilterConverterTest" time="0.0"/>
  <testcase name="testEmptyFilter" classname="com.guard.wallet.gkd.CombineFilterConverterTest" time="0.0"/>
  <testcase name="testTextContains" classname="com.guard.wallet.gkd.CombineFilterConverterTest" time="0.0"/>
  <testcase name="testBoolClickableFalse" classname="com.guard.wallet.gkd.CombineFilterConverterTest" time="0.0"/>
  <testcase name="testTextEquals" classname="com.guard.wallet.gkd.CombineFilterConverterTest" time="0.0"/>
  <testcase name="testOrTwoFilters" classname="com.guard.wallet.gkd.CombineFilterConverterTest" time="0.0"/>
  <testcase name="testNullFilter" classname="com.guard.wallet.gkd.CombineFilterConverterTest" time="0.0"/>
  <testcase name="testOrSingleFilter" classname="com.guard.wallet.gkd.CombineFilterConverterTest" time="0.0"/>
  <testcase name="testTextPrefix" classname="com.guard.wallet.gkd.CombineFilterConverterTest" time="0.001"/>
  <testcase name="testTextSuffix" classname="com.guard.wallet.gkd.CombineFilterConverterTest" time="0.0"/>
  <testcase name="testBoolDisabledSkipped" classname="com.guard.wallet.gkd.CombineFilterConverterTest" time="0.0"/>
  <testcase name="testNullOrFilter" classname="com.guard.wallet.gkd.CombineFilterConverterTest" time="0.0"/>
  <testcase name="testWithChild" classname="com.guard.wallet.gkd.CombineFilterConverterTest" time="0.0"/>
  <system-out><![CDATA[]]></system-out>
  <system-err><![CDATA[]]></system-err>
</testsuite>
